<?xml version="1.0" encoding="UTF-8"?>
<!-- Generated by org.testng.reporters.JUnitReportReporter -->
<testsuite skipped="0" hostname="hp" name="EndToEndWorkFlowAutomation.ShoppingEndToEndAutomation" tests="6" failures="0" timestamp="2024-09-29T19:51:21 IST" time="8.306" errors="0">
  <testcase name="getSessionToken" time="5.937" classname="EndToEndWorkFlowAutomation.ShoppingEndToEndAutomation"/>
  <system-out/>
  <testcase name="addNewProduct" time="0.865" classname="EndToEndWorkFlowAutomation.ShoppingEndToEndAutomation"/>
  <system-out/>
  <testcase name="createOrder" time="0.522" classname="EndToEndWorkFlowAutomation.ShoppingEndToEndAutomation"/>
  <system-out/>
  <testcase name="getOrderDetails" time="0.560" classname="EndToEndWorkFlowAutomation.ShoppingEndToEndAutomation"/>
  <system-out/>
  <testcase name="deleteOrder" time="0.006" classname="EndToEndWorkFlowAutomation.ShoppingEndToEndAutomation"/>
  <system-out/>
  <testcase name="deleteProduct" time="0.416" classname="EndToEndWorkFlowAutomation.ShoppingEndToEndAutomation"/>
  <system-out/>
</testsuite> <!-- EndToEndWorkFlowAutomation.ShoppingEndToEndAutomation -->
