<?xml version="1.0" encoding="UTF-8"?>
<!-- Generated by org.testng.reporters.JUnitReportReporter -->
<testsuite skipped="0" hostname="hp" name="LibraryApi.AddBook" tests="9" failures="0" timestamp="2024-09-01T19:27:40 IST" time="7.545" errors="0">
  <testcase name="testAddBookApi" time="5.045" classname="LibraryApi.AddBook"/>
  <system-out/>
  <testcase name="testAddBookApi" time="0.468" classname="LibraryApi.AddBook"/>
  <system-out/>
  <testcase name="testAddBookApi" time="0.390" classname="LibraryApi.AddBook"/>
  <system-out/>
  <testcase name="testGetBookApi" time="0.219" classname="LibraryApi.AddBook"/>
  <system-out/>
  <testcase name="testGetBookApi" time="0.220" classname="LibraryApi.AddBook"/>
  <system-out/>
  <testcase name="testGetBookApi" time="0.234" classname="LibraryApi.AddBook"/>
  <system-out/>
  <testcase name="testDeleteBook" time="0.219" classname="LibraryApi.AddBook"/>
  <system-out/>
  <testcase name="testDeleteBook" time="0.359" classname="LibraryApi.AddBook"/>
  <system-out/>
  <testcase name="testDeleteBook" time="0.391" classname="LibraryApi.AddBook"/>
  <system-out/>
</testsuite> <!-- LibraryApi.AddBook -->
