<?xml version="1.0" encoding="UTF-8"?>
<!-- Generated by org.testng.reporters.JUnitReportReporter -->
<testsuite skipped="0" hostname="hp" name="APISampleTests.Get_Request" tests="1" failures="0" timestamp="2024-08-27T22:43:09 IST" time="6.779" errors="0">
  <testcase name="getRequest" time="6.779" classname="APISampleTests.Get_Request"/>
  <system-out/>
</testsuite> <!-- APISampleTests.Get_Request -->
