<?xml version="1.0" encoding="UTF-8"?>
<!-- Generated by org.testng.reporters.JUnitReportReporter -->
<testsuite skipped="0" hostname="hp" name="APISampleTests.Add_Request" tests="1" failures="0" timestamp="2024-09-17T21:04:07 IST" time="6.107" errors="0">
  <testcase name="add_request" time="6.107" classname="APISampleTests.Add_Request"/>
  <system-out/>
</testsuite> <!-- APISampleTests.Add_Request -->
