<?xml version="1.0" encoding="UTF-8"?>
<!-- Generated by org.testng.reporters.JUnitReportReporter -->
<testsuite skipped="0" hostname="hp" name="OAuth2_0ClientCred.Oauth2_0_ClientCred_GrantType" tests="2" failures="0" timestamp="2024-09-17T20:39:41 IST" time="6.746" errors="0">
  <testcase name="getAccessToken" time="5.038" classname="OAuth2_0ClientCred.Oauth2_0_ClientCred_GrantType"/>
  <system-out/>
  <testcase name="fetchCorseDetails" time="1.708" classname="OAuth2_0ClientCred.Oauth2_0_ClientCred_GrantType"/>
  <system-out/>
</testsuite> <!-- OAuth2_0ClientCred.Oauth2_0_ClientCred_GrantType -->
