<?xml version="1.0" encoding="UTF-8"?>
<!-- Generated by org.testng.reporters.JUnitReportReporter -->
<testsuite skipped="0" hostname="hp" name="APISampleTests.Delete_Request" tests="1" failures="0" timestamp="2024-08-26T22:49:35 IST" time="6.669" errors="0">
  <testcase name="deleteRequest" time="6.669" classname="APISampleTests.Delete_Request"/>
  <system-out/>
</testsuite> <!-- APISampleTests.Delete_Request -->
