<?xml version="1.0" encoding="UTF-8"?>
<!-- Generated by org.testng.reporters.JUnitReportReporter -->
<testsuite skipped="0" hostname="hp" name="APISampleTests.UpdateRequest" tests="1" failures="0" timestamp="2024-08-26T22:51:17 IST" time="8.174" errors="0">
  <testcase name="update_Request" time="8.174" classname="APISampleTests.UpdateRequest"/>
  <system-out/>
</testsuite> <!-- APISampleTests.UpdateRequest -->
