<?xml version="1.0" encoding="UTF-8"?>
<!-- Generated by org.testng.reporters.JUnitReportReporter -->
<testsuite skipped="0" hostname="hp" name="OAuth2_0ClientCred.GetAccessToken" tests="2" failures="0" timestamp="2024-09-17T20:10:15 IST" time="7.152" errors="0">
  <testcase name="getAccessToken" time="6.070" classname="OAuth2_0ClientCred.GetAccessToken"/>
  <system-out/>
  <testcase name="fetchCorseDetails" time="1.082" classname="OAuth2_0ClientCred.GetAccessToken"/>
  <system-out/>
</testsuite> <!-- OAuth2_0ClientCred.GetAccessToken -->
